[26-Oct-2022 17:36:51] NOTICE: fpm is running, pid 2185044
[26-Oct-2022 17:36:51] NOTICE: ready to handle connections
[29-Oct-2022 13:43:04] NOTICE: Terminating ...
[29-Oct-2022 13:43:04] NOTICE: exiting, bye-bye!
[29-Oct-2022 13:52:15] NOTICE: fpm is running, pid 57938
[29-Oct-2022 13:52:15] NOTICE: ready to handle connections
[29-Oct-2022 14:16:21] NOTICE: Terminating ...
[29-Oct-2022 14:16:21] NOTICE: Terminating ...
[29-Oct-2022 14:16:21] NOTICE: exiting, bye-bye!
[29-Oct-2022 16:22:37] NOTICE: fpm is running, pid 820520
[29-Oct-2022 16:22:37] NOTICE: ready to handle connections
[29-Oct-2022 16:22:59] NOTICE: Terminating ...
[29-Oct-2022 16:22:59] NOTICE: Terminating ...
[29-Oct-2022 16:22:59] NOTICE: exiting, bye-bye!
[01-Nov-2022 20:12:29] NOTICE: fpm is running, pid 1544987
[01-Nov-2022 20:12:29] NOTICE: ready to handle connections
[02-Nov-2022 12:01:44] NOTICE: Terminating ...
[02-Nov-2022 12:01:44] NOTICE: Terminating ...
[02-Nov-2022 12:01:44] NOTICE: exiting, bye-bye!
[03-Nov-2022 20:41:35] NOTICE: fpm is running, pid 1691996
[03-Nov-2022 20:41:35] NOTICE: ready to handle connections
[03-Nov-2022 22:17:51] NOTICE: Terminating ...
[03-Nov-2022 22:17:51] NOTICE: Terminating ...
[03-Nov-2022 22:17:51] NOTICE: exiting, bye-bye!
[12-Nov-2022 20:22:05] NOTICE: fpm is running, pid 4072281
[12-Nov-2022 20:22:05] NOTICE: ready to handle connections
[13-Nov-2022 00:14:11] NOTICE: Terminating ...
[13-Nov-2022 00:14:11] NOTICE: Terminating ...
[13-Nov-2022 00:14:11] NOTICE: exiting, bye-bye!
[13-Nov-2022 17:02:10] NOTICE: fpm is running, pid 297134
[13-Nov-2022 17:02:10] NOTICE: ready to handle connections
[13-Nov-2022 20:12:38] NOTICE: Terminating ...
[13-Nov-2022 20:12:38] NOTICE: Terminating ...
[13-Nov-2022 20:12:38] NOTICE: exiting, bye-bye!
[14-Nov-2022 11:47:16] NOTICE: fpm is running, pid 595680
[14-Nov-2022 11:47:16] NOTICE: ready to handle connections
[14-Nov-2022 18:36:41] NOTICE: Terminating ...
[14-Nov-2022 18:36:41] NOTICE: Terminating ...
[14-Nov-2022 18:36:41] NOTICE: exiting, bye-bye!
